<html>
<head>
<title>TestNG:  Default test</title>
<link href="../testng.css" rel="stylesheet" type="text/css" />
<link href="../my-testng.css" rel="stylesheet" type="text/css" />

<style type="text/css">
.log { display: none;} 
.stack-trace { display: none;} 
</style>
<script type="text/javascript">
<!--
function flip(e) {
  current = e.style.display;
  if (current == 'block') {
    e.style.display = 'none';
    return 0;
  }
  else {
    e.style.display = 'block';
    return 1;
  }
}

function toggleBox(szDivId, elem, msg1, msg2)
{
  var res = -1;  if (document.getElementById) {
    res = flip(document.getElementById(szDivId));
  }
  else if (document.all) {
    // this is the way old msie versions work
    res = flip(document.all[szDivId]);
  }
  if(elem) {
    if(res == 0) elem.innerHTML = msg1; else elem.innerHTML = msg2;
  }

}

function toggleAllBoxes() {
  if (document.getElementsByTagName) {
    d = document.getElementsByTagName('div');
    for (i = 0; i < d.length; i++) {
      if (d[i].className == 'log') {
        flip(d[i]);
      }
    }
  }
}

// -->
</script>

</head>
<body>
<h2 align='center'>Default test</h2><table border='1' align="center">
<tr>
<td>Tests passed/Failed/Skipped:</td><td>36/1/0</td>
</tr><tr>
<td>Started on:</td><td>Tue May 06 15:00:51 IST 2014</td>
</tr>
<tr><td>Total time:</td><td>223 seconds (223470 ms)</td>
</tr><tr>
<td>Included groups:</td><td></td>
</tr><tr>
<td>Excluded groups:</td><td></td>
</tr>
</table><p/>
<small><i>(Hover the method name to see the test class name)</i></small><p/>
<table width='100%' border='1' class='invocation-failed'>
<tr><td colspan='4' align='center'><b>FAILED TESTS</b></td></tr>
<tr><td><b>Test method</b></td>
<td width="30%"><b>Exception</b></td>
<td width="10%"><b>Time (seconds)</b></td>
<td><b>Instance</b></td>
</tr>
<tr>
<td title='testautomation.suite2.ManageSLAs()'><b>ManageSLAs</b><br>Test class: testautomation.suite2</td>
<td><div><pre>org.openqa.selenium.NoSuchElementException: Unable to locate element: {&quot;method&quot;:&quot;xpath&quot;,&quot;selector&quot;:&quot;.//*[@id=&apos;confirm-modal&apos;]/div[1]&quot;}
Command duration or timeout: 160.02 seconds
For documentation on this error, please visit: http://seleniumhq.org/exceptions/no_such_element.html
Build info: version: &apos;2.39.0&apos;, revision: &apos;ff23eac&apos;, time: &apos;2013-12-16 16:12:12&apos;
System info: host: &apos;THIMWS022&apos;, ip: &apos;192.168.10.29&apos;, os.name: &apos;Windows 7&apos;, os.arch: &apos;amd64&apos;, os.version: &apos;6.1&apos;, java.version: &apos;1.7.0_45&apos;
Session ID: 6e9565bb-528a-442f-85df-fb400919c53b
Driver info: org.openqa.selenium.firefox.FirefoxDriver
Capabilities [{platform=XP, acceptSslCerts=true, javascriptEnabled=true, cssSelectorsEnabled=true, databaseEnabled=true, browserName=firefox, handlesAlerts=true, browserConnectionEnabled=true, webStorageEnabled=true, nativeEvents=false, rotatable=false, locationContextEnabled=true, applicationCacheEnabled=true, takesScreenshot=true, version=21.0}]
	at sun.reflect.NativeConstructorAccessorImpl.newInstance0(Native Method)
	at sun.reflect.NativeConstructorAccessorImpl.newInstance(Unknown Source)
	at sun.reflect.DelegatingConstructorAccessorImpl.newInstance(Unknown Source)
	at java.lang.reflect.Constructor.newInstance(Unknown Source)
	at org.openqa.selenium.remote.ErrorHandler.createThrowable(ErrorHandler.java:193)
	at org.openqa.selenium.remote.ErrorHandler.throwIfResponseFailed(ErrorHandler.java:145)
	at org.openqa.selenium.remote.RemoteWebDriver.execute(RemoteWebDriver.java:554)
	at org.openqa.selenium.remote.RemoteWebDriver.findElement(RemoteWebDriver.java:307)
	at org.openqa.selenium.remote.RemoteWebDriver.findElementByXPath(RemoteWebDriver.java:404)
	at org.openqa.selenium.By$ByXPath.findElement(By.java:363)
	at org.openqa.selenium.remote.RemoteWebDriver.findElement(RemoteWebDriver.java:299)
	at testautomation.suite2.ManageSLAs(suite2.java:1226)
	at sun.reflect.NativeMethodAccessorImpl.invoke0(Native Method)
	at sun.reflect.NativeMethodAccessorImpl.invoke(Unknown Source)
	at sun.reflect.DelegatingMethodAccessorImpl.invoke(Unknown Source)
	at java.lang.reflect.Method.invoke(Unknown Source)
	at org.testng.internal.MethodInvocationHelper.invokeMethod(MethodInvocationHelper.java:84)
	at org.testng.internal.Invoker.invokeMethod(Invoker.java:714)
	at org.testng.internal.Invoker.invokeTestMethod(Invoker.java:901)
	at org.testng.internal.Invoker.invokeTestMethods(Invoker.java:1231)
	at org.testng.internal.TestMethodWorker.invokeTestMethods(TestMethodWorker.java:127)
	at org.testng.internal.TestMethodWorker.run(TestMethodWorker.java:111)
	at org.testng.TestRunner.privateRun(TestRunner.java:767)
	at org.testng.TestRunner.run(TestRunner.java:617)
	at org.testng.SuiteRunner.runTest(SuiteRunner.java:334)
	at org.testng.SuiteRunner.runSequentially(SuiteRunner.java:329)
	at org.testng.SuiteRunner.privateRun(SuiteRunner.java:291)
	at org.testng.SuiteRunner.run(SuiteRunner.java:240)
	at org.testng.SuiteRunnerWorker.runSuite(SuiteRunnerWorker.java:52)
	at org.testng.SuiteRunnerWorker.run(SuiteRunnerWorker.java:86)
	at org.testng.TestNG.runSuitesSequentially(TestNG.java:1224)
	at org.testng.TestNG.runSuitesLocally(TestNG.java:1149)
	at org.testng.TestNG.run(TestNG.java:1057)
	at org.testng.remote.RemoteTestNG.run(RemoteTestNG.java:111)
	at org.testng.remote.RemoteTestNG.initAndRun(RemoteTestNG.java:204)
	at org.testng.remote.RemoteTestNG.main(RemoteTestNG.java:175)
Caused by: org.openqa.selenium.remote.ErrorHandler$UnknownServerException: Unable to locate element: {&quot;method&quot;:&quot;xpath&quot;,&quot;selector&quot;:&quot;.//*[@id=&apos;confirm-modal&apos;]/div[1]&quot;}
Build info: version: &apos;2.39.0&apos;, revision: &apos;ff23eac&apos;, time: &apos;2013-12-16 16:12:12&apos;
System info: host: &apos;THIMWS022&apos;, ip: &apos;192.168.10.29&apos;, os.name: &apos;Windows 7&apos;, os.arch: &apos;amd64&apos;, os.version: &apos;6.1&apos;, java.version: &apos;1.7.0_45&apos;
Driver info: driver.version: unknown
	at &lt;anonymous class&gt;.FirefoxDriver.prototype.findElementInternal_(file:///C:/Users/ADMINI~1/AppData/Local/Temp/anonymous8775648292275286364webdriver-profile/extensions/fxdriver@googlecode.com/components/driver_component.js:8860)
	at &lt;anonymous class&gt;.fxdriver.Timer.prototype.setTimeout/&lt;.notify(file:///C:/Users/ADMINI~1/AppData/Local/Temp/anonymous8775648292275286364webdriver-profile/extensions/fxdriver@googlecode.com/components/driver_component.js:396)
</pre></div><a href='#' onClick='toggleBox("stack-trace625063885", this, "Click to show all stack frames", "Click to hide stack frames")'>Click to show all stack frames</a>
<div class='stack-trace' id='stack-trace625063885'><pre>org.openqa.selenium.NoSuchElementException: Unable to locate element: {&quot;method&quot;:&quot;xpath&quot;,&quot;selector&quot;:&quot;.//*[@id=&apos;confirm-modal&apos;]/div[1]&quot;}
Command duration or timeout: 160.02 seconds
For documentation on this error, please visit: http://seleniumhq.org/exceptions/no_such_element.html
Build info: version: &apos;2.39.0&apos;, revision: &apos;ff23eac&apos;, time: &apos;2013-12-16 16:12:12&apos;
System info: host: &apos;THIMWS022&apos;, ip: &apos;192.168.10.29&apos;, os.name: &apos;Windows 7&apos;, os.arch: &apos;amd64&apos;, os.version: &apos;6.1&apos;, java.version: &apos;1.7.0_45&apos;
Session ID: 6e9565bb-528a-442f-85df-fb400919c53b
Driver info: org.openqa.selenium.firefox.FirefoxDriver
Capabilities [{platform=XP, acceptSslCerts=true, javascriptEnabled=true, cssSelectorsEnabled=true, databaseEnabled=true, browserName=firefox, handlesAlerts=true, browserConnectionEnabled=true, webStorageEnabled=true, nativeEvents=false, rotatable=false, locationContextEnabled=true, applicationCacheEnabled=true, takesScreenshot=true, version=21.0}]
	at sun.reflect.NativeConstructorAccessorImpl.newInstance0(Native Method)
	at sun.reflect.NativeConstructorAccessorImpl.newInstance(Unknown Source)
	at sun.reflect.DelegatingConstructorAccessorImpl.newInstance(Unknown Source)
	at java.lang.reflect.Constructor.newInstance(Unknown Source)
	at org.openqa.selenium.remote.ErrorHandler.createThrowable(ErrorHandler.java:193)
	at org.openqa.selenium.remote.ErrorHandler.throwIfResponseFailed(ErrorHandler.java:145)
	at org.openqa.selenium.remote.RemoteWebDriver.execute(RemoteWebDriver.java:554)
	at org.openqa.selenium.remote.RemoteWebDriver.findElement(RemoteWebDriver.java:307)
	at org.openqa.selenium.remote.RemoteWebDriver.findElementByXPath(RemoteWebDriver.java:404)
	at org.openqa.selenium.By$ByXPath.findElement(By.java:363)
	at org.openqa.selenium.remote.RemoteWebDriver.findElement(RemoteWebDriver.java:299)
	at testautomation.suite2.ManageSLAs(suite2.java:1226)
	at sun.reflect.NativeMethodAccessorImpl.invoke0(Native Method)
	at sun.reflect.NativeMethodAccessorImpl.invoke(Unknown Source)
	at sun.reflect.DelegatingMethodAccessorImpl.invoke(Unknown Source)
	at java.lang.reflect.Method.invoke(Unknown Source)
	at org.testng.internal.MethodInvocationHelper.invokeMethod(MethodInvocationHelper.java:84)
	at org.testng.internal.Invoker.invokeMethod(Invoker.java:714)
	at org.testng.internal.Invoker.invokeTestMethod(Invoker.java:901)
	at org.testng.internal.Invoker.invokeTestMethods(Invoker.java:1231)
	at org.testng.internal.TestMethodWorker.invokeTestMethods(TestMethodWorker.java:127)
	at org.testng.internal.TestMethodWorker.run(TestMethodWorker.java:111)
	at org.testng.TestRunner.privateRun(TestRunner.java:767)
	at org.testng.TestRunner.run(TestRunner.java:617)
	at org.testng.SuiteRunner.runTest(SuiteRunner.java:334)
	at org.testng.SuiteRunner.runSequentially(SuiteRunner.java:329)
	at org.testng.SuiteRunner.privateRun(SuiteRunner.java:291)
	at org.testng.SuiteRunner.run(SuiteRunner.java:240)
	at org.testng.SuiteRunnerWorker.runSuite(SuiteRunnerWorker.java:52)
	at org.testng.SuiteRunnerWorker.run(SuiteRunnerWorker.java:86)
	at org.testng.TestNG.runSuitesSequentially(TestNG.java:1224)
	at org.testng.TestNG.runSuitesLocally(TestNG.java:1149)
	at org.testng.TestNG.run(TestNG.java:1057)
	at org.testng.remote.RemoteTestNG.run(RemoteTestNG.java:111)
	at org.testng.remote.RemoteTestNG.initAndRun(RemoteTestNG.java:204)
	at org.testng.remote.RemoteTestNG.main(RemoteTestNG.java:175)
Caused by: org.openqa.selenium.remote.ErrorHandler$UnknownServerException: Unable to locate element: {&quot;method&quot;:&quot;xpath&quot;,&quot;selector&quot;:&quot;.//*[@id=&apos;confirm-modal&apos;]/div[1]&quot;}
Build info: version: &apos;2.39.0&apos;, revision: &apos;ff23eac&apos;, time: &apos;2013-12-16 16:12:12&apos;
System info: host: &apos;THIMWS022&apos;, ip: &apos;192.168.10.29&apos;, os.name: &apos;Windows 7&apos;, os.arch: &apos;amd64&apos;, os.version: &apos;6.1&apos;, java.version: &apos;1.7.0_45&apos;
Driver info: driver.version: unknown
	at &lt;anonymous class&gt;.FirefoxDriver.prototype.findElementInternal_(file:///C:/Users/ADMINI~1/AppData/Local/Temp/anonymous8775648292275286364webdriver-profile/extensions/fxdriver@googlecode.com/components/driver_component.js:8860)
	at &lt;anonymous class&gt;.fxdriver.Timer.prototype.setTimeout/&lt;.notify(file:///C:/Users/ADMINI~1/AppData/Local/Temp/anonymous8775648292275286364webdriver-profile/extensions/fxdriver@googlecode.com/components/driver_component.js:396)
</pre></div></td>
<td>160</td>
<td>testautomation.suite2@2696be00</td></tr>
</table><p>
<table width='100%' border='1' class='invocation-passed'>
<tr><td colspan='4' align='center'><b>PASSED TESTS</b></td></tr>
<tr><td><b>Test method</b></td>
<td width="30%"><b>Exception</b></td>
<td width="10%"><b>Time (seconds)</b></td>
<td><b>Instance</b></td>
</tr>
<tr>
<td title='testautomation.suite2.AWSCloudCredential()'><b>AWSCloudCredential</b><br>Test class: testautomation.suite2</td>
<td></td>
<td>1</td>
<td>testautomation.suite2@2696be00</td></tr>
<tr>
<td title='testautomation.suite2.AzureCloudCredential()'><b>AzureCloudCredential</b><br>Test class: testautomation.suite2</td>
<td></td>
<td>2</td>
<td>testautomation.suite2@2696be00</td></tr>
<tr>
<td title='testautomation.suite2.CancelManageGroups()'><b>CancelManageGroups</b><br>Test class: testautomation.suite2</td>
<td></td>
<td>6</td>
<td>testautomation.suite2@2696be00</td></tr>
<tr>
<td title='testautomation.suite2.CancelManageProjects()'><b>CancelManageProjects</b><br>Test class: testautomation.suite2</td>
<td></td>
<td>6</td>
<td>testautomation.suite2@2696be00</td></tr>
<tr>
<td title='testautomation.suite2.CancelManageUsers()'><b>CancelManageUsers</b><br>Test class: testautomation.suite2</td>
<td></td>
<td>5</td>
<td>testautomation.suite2@2696be00</td></tr>
<tr>
<td title='testautomation.suite2.CancelPasswordChange()'><b>CancelPasswordChange</b><br>Test class: testautomation.suite2</td>
<td></td>
<td>0</td>
<td>testautomation.suite2@2696be00</td></tr>
<tr>
<td title='testautomation.suite2.CancelRole()'><b>CancelRole</b><br>Test class: testautomation.suite2</td>
<td></td>
<td>6</td>
<td>testautomation.suite2@2696be00</td></tr>
<tr>
<td title='testautomation.suite2.ChangeDefaultGroup()'><b>ChangeDefaultGroup</b><br>Test class: testautomation.suite2</td>
<td></td>
<td>0</td>
<td>testautomation.suite2@2696be00</td></tr>
<tr>
<td title='testautomation.suite2.EditDetails()'><b>EditDetails</b><br>Test class: testautomation.suite2</td>
<td></td>
<td>2</td>
<td>testautomation.suite2@2696be00</td></tr>
<tr>
<td title='testautomation.suite2.EditGroup()'><b>EditGroup</b><br>Test class: testautomation.suite2</td>
<td></td>
<td>1</td>
<td>testautomation.suite2@2696be00</td></tr>
<tr>
<td title='testautomation.suite2.EditHomePage()'><b>EditHomePage</b><br>Test class: testautomation.suite2</td>
<td></td>
<td>1</td>
<td>testautomation.suite2@2696be00</td></tr>
<tr>
<td title='testautomation.suite2.EditProject()'><b>EditProject</b><br>Test class: testautomation.suite2</td>
<td></td>
<td>0</td>
<td>testautomation.suite2@2696be00</td></tr>
<tr>
<td title='testautomation.suite2.EditUsers()'><b>EditUsers</b><br>Test class: testautomation.suite2</td>
<td></td>
<td>0</td>
<td>testautomation.suite2@2696be00</td></tr>
<tr>
<td title='testautomation.suite2.EditandSaveCredential()'><b>EditandSaveCredential</b><br>Test class: testautomation.suite2</td>
<td></td>
<td>0</td>
<td>testautomation.suite2@2696be00</td></tr>
<tr>
<td title='testautomation.suite2.EucalyptusCloudCredential()'><b>EucalyptusCloudCredential</b><br>Test class: testautomation.suite2</td>
<td></td>
<td>3</td>
<td>testautomation.suite2@2696be00</td></tr>
<tr>
<td title='testautomation.suite2.IngestCloudServices()'><b>IngestCloudServices</b><br>Test class: testautomation.suite2</td>
<td></td>
<td>0</td>
<td>testautomation.suite2@2696be00</td></tr>
<tr>
<td title='testautomation.suite2.InvalidLogin()'><b>InvalidLogin</b><br>Test class: testautomation.suite2</td>
<td></td>
<td>3</td>
<td>testautomation.suite2@2696be00</td></tr>
<tr>
<td title='testautomation.suite2.ManageCloudCredential()'><b>ManageCloudCredential</b><br>Test class: testautomation.suite2</td>
<td></td>
<td>1</td>
<td>testautomation.suite2@2696be00</td></tr>
<tr>
<td title='testautomation.suite2.ManageMarketplace()'><b>ManageMarketplace</b><br>Test class: testautomation.suite2</td>
<td></td>
<td>1</td>
<td>testautomation.suite2@2696be00</td></tr>
<tr>
<td title='testautomation.suite2.ManageSecurity()'><b>ManageSecurity</b><br>Test class: testautomation.suite2</td>
<td></td>
<td>1</td>
<td>testautomation.suite2@2696be00</td></tr>
<tr>
<td title='testautomation.suite2.OpenstackCloudCredential()'><b>OpenstackCloudCredential</b><br>Test class: testautomation.suite2</td>
<td></td>
<td>3</td>
<td>testautomation.suite2@2696be00</td></tr>
<tr>
<td title='testautomation.suite2.RackspaceCloudCredential()'><b>RackspaceCloudCredential</b><br>Test class: testautomation.suite2</td>
<td></td>
<td>2</td>
<td>testautomation.suite2@2696be00</td></tr>
<tr>
<td title='testautomation.suite2.RefreshCredential()'><b>RefreshCredential</b><br>Test class: testautomation.suite2</td>
<td></td>
<td>0</td>
<td>testautomation.suite2@2696be00</td></tr>
<tr>
<td title='testautomation.suite2.RefreshGroup()'><b>RefreshGroup</b><br>Test class: testautomation.suite2</td>
<td></td>
<td>0</td>
<td>testautomation.suite2@2696be00</td></tr>
<tr>
<td title='testautomation.suite2.RefreshIngestCloudServices()'><b>RefreshIngestCloudServices</b><br>Test class: testautomation.suite2</td>
<td></td>
<td>0</td>
<td>testautomation.suite2@2696be00</td></tr>
<tr>
<td title='testautomation.suite2.RefreshManageProjects()'><b>RefreshManageProjects</b><br>Test class: testautomation.suite2</td>
<td></td>
<td>0</td>
<td>testautomation.suite2@2696be00</td></tr>
<tr>
<td title='testautomation.suite2.RefreshRole()'><b>RefreshRole</b><br>Test class: testautomation.suite2</td>
<td></td>
<td>0</td>
<td>testautomation.suite2@2696be00</td></tr>
<tr>
<td title='testautomation.suite2.RefreshUsers()'><b>RefreshUsers</b><br>Test class: testautomation.suite2</td>
<td></td>
<td>0</td>
<td>testautomation.suite2@2696be00</td></tr>
<tr>
<td title='testautomation.suite2.Settings()'><b>Settings</b><br>Test class: testautomation.suite2</td>
<td></td>
<td>0</td>
<td>testautomation.suite2@2696be00</td></tr>
<tr>
<td title='testautomation.suite2.VMWareCloudCredential()'><b>VMWareCloudCredential</b><br>Test class: testautomation.suite2</td>
<td></td>
<td>1</td>
<td>testautomation.suite2@2696be00</td></tr>
<tr>
<td title='testautomation.suite2.ValidCredentialLogin()'><b>ValidCredentialLogin</b><br>Test class: testautomation.suite2</td>
<td></td>
<td>1</td>
<td>testautomation.suite2@2696be00</td></tr>
<tr>
<td title='testautomation.suite2.ViewCredential()'><b>ViewCredential</b><br>Test class: testautomation.suite2</td>
<td></td>
<td>0</td>
<td>testautomation.suite2@2696be00</td></tr>
<tr>
<td title='testautomation.suite2.ViewDetails()'><b>ViewDetails</b><br>Test class: testautomation.suite2</td>
<td></td>
<td>0</td>
<td>testautomation.suite2@2696be00</td></tr>
<tr>
<td title='testautomation.suite2.ViewGroupDetails()'><b>ViewGroupDetails</b><br>Test class: testautomation.suite2</td>
<td></td>
<td>0</td>
<td>testautomation.suite2@2696be00</td></tr>
<tr>
<td title='testautomation.suite2.ViewProjectDetails()'><b>ViewProjectDetails</b><br>Test class: testautomation.suite2</td>
<td></td>
<td>0</td>
<td>testautomation.suite2@2696be00</td></tr>
<tr>
<td title='testautomation.suite2.ViewUserDetails()'><b>ViewUserDetails</b><br>Test class: testautomation.suite2</td>
<td></td>
<td>0</td>
<td>testautomation.suite2@2696be00</td></tr>
</table><p>
</body>
</html>