<?xml version="1.0" encoding="UTF-8"?>
<!-- Generated by org.testng.reporters.JUnitReportReporter -->
<testsuite hostname="THIMWS022" name="testautomation.suite2" tests="37" failures="1" timestamp="6 May 2014 09:34:35 GMT" time="223.381" errors="0">
  <testcase name="EditandSaveCredential" time="0.380" classname="testautomation.suite2"/>
  <testcase name="ViewUserDetails" time="0.365" classname="testautomation.suite2"/>
  <testcase name="RackspaceCloudCredential" time="2.458" classname="testautomation.suite2"/>
  <testcase name="CancelPasswordChange" time="0.915" classname="testautomation.suite2"/>
  <testcase name="ViewProjectDetails" time="0.379" classname="testautomation.suite2"/>
  <testcase name="ViewCredential" time="0.721" classname="testautomation.suite2"/>
  <testcase name="ChangeDefaultGroup" time="0.435" classname="testautomation.suite2"/>
  <testcase name="EditGroup" time="1.019" classname="testautomation.suite2"/>
  <testcase name="EditProject" time="0.898" classname="testautomation.suite2"/>
  <testcase name="OpenstackCloudCredential" time="3.720" classname="testautomation.suite2"/>
  <testcase name="RefreshCredential" time="0.276" classname="testautomation.suite2"/>
  <testcase name="RefreshGroup" time="0.097" classname="testautomation.suite2"/>
  <testcase name="RefreshRole" time="0.129" classname="testautomation.suite2"/>
  <testcase name="EditDetails" time="2.086" classname="testautomation.suite2"/>
  <testcase name="VMWareCloudCredential" time="1.892" classname="testautomation.suite2"/>
  <testcase name="CancelRole" time="6.591" classname="testautomation.suite2"/>
  <testcase name="ManageSLAs" time="160.203" classname="testautomation.suite2">
    <failure type="org.openqa.selenium.NoSuchElementException" message="Unable to locate element: {&quot;method&quot;:&quot;xpath&quot;,&quot;selector&quot;:&quot;.//*[@id=&#039;confirm-modal&#039;]/div[1]&quot;}
Command duration or timeout: 160.02 seconds
For documentation on this error, please visit: http://seleniumhq.org/exceptions/no_such_element.html
Build info: version: &#039;2.39.0&#039;, revision: &#039;ff23eac&#039;, time: &#039;2013-12-16 16:12:12&#039;
System info: host: &#039;THIMWS022&#039;, ip: &#039;192.168.10.29&#039;, os.name: &#039;Windows 7&#039;, os.arch: &#039;amd64&#039;, os.version: &#039;6.1&#039;, java.version: &#039;1.7.0_45&#039;
Session ID: 6e9565bb-528a-442f-85df-fb400919c53b
Driver info: org.openqa.selenium.firefox.FirefoxDriver
Capabilities [{platform=XP, acceptSslCerts=true, javascriptEnabled=true, cssSelectorsEnabled=true, databaseEnabled=true, browserName=firefox, handlesAlerts=true, browserConnectionEnabled=true, webStorageEnabled=true, nativeEvents=false, rotatable=false, locationContextEnabled=true, applicationCacheEnabled=true, takesScreenshot=true, version=21.0}]">
      <![CDATA[org.openqa.selenium.NoSuchElementException: Unable to locate element: {"method":"xpath","selector":".//*[@id='confirm-modal']/div[1]"}
Command duration or timeout: 160.02 seconds
For documentation on this error, please visit: http://seleniumhq.org/exceptions/no_such_element.html
Build info: version: '2.39.0', revision: 'ff23eac', time: '2013-12-16 16:12:12'
System info: host: 'THIMWS022', ip: '192.168.10.29', os.name: 'Windows 7', os.arch: 'amd64', os.version: '6.1', java.version: '1.7.0_45'
Session ID: 6e9565bb-528a-442f-85df-fb400919c53b
Driver info: org.openqa.selenium.firefox.FirefoxDriver
Capabilities [{platform=XP, acceptSslCerts=true, javascriptEnabled=true, cssSelectorsEnabled=true, databaseEnabled=true, browserName=firefox, handlesAlerts=true, browserConnectionEnabled=true, webStorageEnabled=true, nativeEvents=false, rotatable=false, locationContextEnabled=true, applicationCacheEnabled=true, takesScreenshot=true, version=21.0}]
	at sun.reflect.NativeConstructorAccessorImpl.newInstance0(Native Method)
	at sun.reflect.NativeConstructorAccessorImpl.newInstance(Unknown Source)
	at sun.reflect.DelegatingConstructorAccessorImpl.newInstance(Unknown Source)
	at java.lang.reflect.Constructor.newInstance(Unknown Source)
	at org.openqa.selenium.remote.ErrorHandler.createThrowable(ErrorHandler.java:193)
	at org.openqa.selenium.remote.ErrorHandler.throwIfResponseFailed(ErrorHandler.java:145)
	at org.openqa.selenium.remote.RemoteWebDriver.execute(RemoteWebDriver.java:554)
	at org.openqa.selenium.remote.RemoteWebDriver.findElement(RemoteWebDriver.java:307)
	at org.openqa.selenium.remote.RemoteWebDriver.findElementByXPath(RemoteWebDriver.java:404)
	at org.openqa.selenium.By$ByXPath.findElement(By.java:363)
	at org.openqa.selenium.remote.RemoteWebDriver.findElement(RemoteWebDriver.java:299)
	at testautomation.suite2.ManageSLAs(suite2.java:1226)
	at sun.reflect.NativeMethodAccessorImpl.invoke0(Native Method)
	at sun.reflect.NativeMethodAccessorImpl.invoke(Unknown Source)
	at sun.reflect.DelegatingMethodAccessorImpl.invoke(Unknown Source)
	at java.lang.reflect.Method.invoke(Unknown Source)
	at org.testng.internal.MethodInvocationHelper.invokeMethod(MethodInvocationHelper.java:84)
	at org.testng.internal.Invoker.invokeMethod(Invoker.java:714)
	at org.testng.internal.Invoker.invokeTestMethod(Invoker.java:901)
	at org.testng.internal.Invoker.invokeTestMethods(Invoker.java:1231)
	at org.testng.internal.TestMethodWorker.invokeTestMethods(TestMethodWorker.java:127)
	at org.testng.internal.TestMethodWorker.run(TestMethodWorker.java:111)
	at org.testng.TestRunner.privateRun(TestRunner.java:767)
	at org.testng.TestRunner.run(TestRunner.java:617)
	at org.testng.SuiteRunner.runTest(SuiteRunner.java:334)
	at org.testng.SuiteRunner.runSequentially(SuiteRunner.java:329)
	at org.testng.SuiteRunner.privateRun(SuiteRunner.java:291)
	at org.testng.SuiteRunner.run(SuiteRunner.java:240)
	at org.testng.SuiteRunnerWorker.runSuite(SuiteRunnerWorker.java:52)
	at org.testng.SuiteRunnerWorker.run(SuiteRunnerWorker.java:86)
	at org.testng.TestNG.runSuitesSequentially(TestNG.java:1224)
	at org.testng.TestNG.runSuitesLocally(TestNG.java:1149)
	at org.testng.TestNG.run(TestNG.java:1057)
	at org.testng.remote.RemoteTestNG.run(RemoteTestNG.java:111)
	at org.testng.remote.RemoteTestNG.initAndRun(RemoteTestNG.java:204)
	at org.testng.remote.RemoteTestNG.main(RemoteTestNG.java:175)
Caused by: org.openqa.selenium.remote.ErrorHandler$UnknownServerException: Unable to locate element: {"method":"xpath","selector":".//*[@id='confirm-modal']/div[1]"}
Build info: version: '2.39.0', revision: 'ff23eac', time: '2013-12-16 16:12:12'
System info: host: 'THIMWS022', ip: '192.168.10.29', os.name: 'Windows 7', os.arch: 'amd64', os.version: '6.1', java.version: '1.7.0_45'
Driver info: driver.version: unknown
	at <anonymous class>.FirefoxDriver.prototype.findElementInternal_(file:///C:/Users/ADMINI~1/AppData/Local/Temp/anonymous8775648292275286364webdriver-profile/extensions/fxdriver@googlecode.com/components/driver_component.js:8860)
	at <anonymous class>.fxdriver.Timer.prototype.setTimeout/<.notify(file:///C:/Users/ADMINI~1/AppData/Local/Temp/anonymous8775648292275286364webdriver-profile/extensions/fxdriver@googlecode.com/components/driver_component.js:396)
]]>
    </failure>
  </testcase> <!-- ManageSLAs -->
  <testcase name="ViewGroupDetails" time="0.405" classname="testautomation.suite2"/>
  <testcase name="RefreshUsers" time="0.104" classname="testautomation.suite2"/>
  <testcase name="ValidCredentialLogin" time="1.645" classname="testautomation.suite2"/>
  <testcase name="InvalidLogin" time="3.901" classname="testautomation.suite2"/>
  <testcase name="RefreshManageProjects" time="0.053" classname="testautomation.suite2"/>
  <testcase name="Settings" time="0.661" classname="testautomation.suite2"/>
  <testcase name="CancelManageUsers" time="5.645" classname="testautomation.suite2"/>
  <testcase name="ManageMarketplace" time="1.773" classname="testautomation.suite2"/>
  <testcase name="IngestCloudServices" time="0.812" classname="testautomation.suite2"/>
  <testcase name="CancelManageProjects" time="6.094" classname="testautomation.suite2"/>
  <testcase name="ManageCloudCredential" time="1.268" classname="testautomation.suite2"/>
  <testcase name="ManageSecurity" time="1.192" classname="testautomation.suite2"/>
  <testcase name="EucalyptusCloudCredential" time="3.358" classname="testautomation.suite2"/>
  <testcase name="EditHomePage" time="1.677" classname="testautomation.suite2"/>
  <testcase name="AzureCloudCredential" time="2.891" classname="testautomation.suite2"/>
  <testcase name="AWSCloudCredential" time="1.038" classname="testautomation.suite2"/>
  <testcase name="CancelManageGroups" time="6.578" classname="testautomation.suite2"/>
  <testcase name="ViewDetails" time="0.486" classname="testautomation.suite2"/>
  <testcase name="RefreshIngestCloudServices" time="0.280" classname="testautomation.suite2"/>
  <testcase name="EditUsers" time="0.956" classname="testautomation.suite2"/>
</testsuite> <!-- testautomation.suite2 -->
